<?xml version="1.0" encoding="UTF-8"?>
<!-- Generated by org.testng.reporters.JUnitXMLReporter -->
<testsuite hostname="ADMIN-PC" ignored="0" name="Test" tests="9" failures="3" timestamp="03 Aug 2020 18:12:18 GMT" time="53.306" errors="0">
  <testcase name="@BeforeMethod setUp" time="26.514" classname="com.ap.qa.testcases.AddToCartPageTest">
    <failure type="org.openqa.selenium.TimeoutException" message="timeout: Timed out receiving message from renderer: 8.155
  (Session info: chrome=84.0.4147.105)
Build info: version: &amp;apos;3.141.59&amp;apos;, revision: &amp;apos;e82be7d358&amp;apos;, time: &amp;apos;2018-11-14T08:17:03&amp;apos;
System info: host: &amp;apos;ADMIN-PC&amp;apos;, ip: &amp;apos;192.168.0.104&amp;apos;, os.name: &amp;apos;Windows 7&amp;apos;, os.arch: &amp;apos;x86&amp;apos;, os.version: &amp;apos;6.1&amp;apos;, java.version: &amp;apos;1.8.0_91&amp;apos;
Driver info: org.openqa.selenium.chrome.ChromeDriver
Capabilities {acceptInsecureCerts: false, browserName: chrome, browserVersion: 84.0.4147.105, chrome: {chromedriverVersion: 84.0.4147.30 (48b3e868b4cc0..., userDataDir: C:\Users\ADMIN\AppData\Loca...}, goog:chromeOptions: {debuggerAddress: localhost:57369}, javascriptEnabled: true, networkConnectionEnabled: false, pageLoadStrategy: normal, platform: WINDOWS, platformName: WINDOWS, proxy: Proxy(), setWindowRect: true, strictFileInteractability: false, timeouts: {implicit: 0, pageLoad: 300000, script: 30000}, unhandledPromptBehavior: dismiss and notify, webauthn:virtualAuthenticators: true}
Session ID: 1bcb34fb0e53c3dd09a08ca48ee4dcbc">
      <![CDATA[org.openqa.selenium.TimeoutException: timeout: Timed out receiving message from renderer: 8.155
  (Session info: chrome=84.0.4147.105)
Build info: version: '3.141.59', revision: 'e82be7d358', time: '2018-11-14T08:17:03'
System info: host: 'ADMIN-PC', ip: '192.168.0.104', os.name: 'Windows 7', os.arch: 'x86', os.version: '6.1', java.version: '1.8.0_91'
Driver info: org.openqa.selenium.chrome.ChromeDriver
Capabilities {acceptInsecureCerts: false, browserName: chrome, browserVersion: 84.0.4147.105, chrome: {chromedriverVersion: 84.0.4147.30 (48b3e868b4cc0..., userDataDir: C:\Users\ADMIN\AppData\Loca...}, goog:chromeOptions: {debuggerAddress: localhost:57369}, javascriptEnabled: true, networkConnectionEnabled: false, pageLoadStrategy: normal, platform: WINDOWS, platformName: WINDOWS, proxy: Proxy(), setWindowRect: true, strictFileInteractability: false, timeouts: {implicit: 0, pageLoad: 300000, script: 30000}, unhandledPromptBehavior: dismiss and notify, webauthn:virtualAuthenticators: true}
Session ID: 1bcb34fb0e53c3dd09a08ca48ee4dcbc
at org.openqa.selenium.remote.http.W3CHttpResponseCodec.createException(W3CHttpResponseCodec.java:187)
at org.openqa.selenium.remote.http.W3CHttpResponseCodec.decode(W3CHttpResponseCodec.java:122)
at org.openqa.selenium.remote.http.W3CHttpResponseCodec.decode(W3CHttpResponseCodec.java:49)
at org.openqa.selenium.remote.HttpCommandExecutor.execute(HttpCommandExecutor.java:158)
at org.openqa.selenium.remote.service.DriverCommandExecutor.execute(DriverCommandExecutor.java:83)
at org.openqa.selenium.remote.RemoteWebDriver.execute(RemoteWebDriver.java:552)
at org.openqa.selenium.remote.RemoteWebDriver.get(RemoteWebDriver.java:277)
at com.ap.qa.base.TestBase.initialization(TestBase.java:47)
at com.ap.qa.testcases.AddToCartPageTest.setUp(AddToCartPageTest.java:27)
... Removed 32 stack frames]]>
    </failure>
  </testcase> <!-- @BeforeMethod setUp -->
  <testcase name="@AfterMethod tearDown" time="0.0" classname="com.ap.qa.testcases.AddToCartPageTest">
    <skipped/>
  </testcase> <!-- @AfterMethod tearDown -->
  <testcase name="@BeforeMethod setUp" time="10.972" classname="com.ap.qa.testcases.LoginTest">
    <failure type="org.openqa.selenium.SessionNotCreatedException" message="session not created
from disconnected: Unable to receive message from renderer
  (Session info: chrome=84.0.4147.105)
Build info: version: &amp;apos;3.141.59&amp;apos;, revision: &amp;apos;e82be7d358&amp;apos;, time: &amp;apos;2018-11-14T08:17:03&amp;apos;
System info: host: &amp;apos;ADMIN-PC&amp;apos;, ip: &amp;apos;192.168.0.104&amp;apos;, os.name: &amp;apos;Windows 7&amp;apos;, os.arch: &amp;apos;x86&amp;apos;, os.version: &amp;apos;6.1&amp;apos;, java.version: &amp;apos;1.8.0_91&amp;apos;
Driver info: driver.version: ChromeDriver
remote stacktrace: Backtrace:
	Ordinal0 [0x00F187E3+2852835]
	Ordinal0 [0x00E05BB1+1727409]
	Ordinal0 [0x00CDE4B9+517305]
	Ordinal0 [0x00CD5EA7+482983]
	Ordinal0 [0x00CD52D1+479953]
	Ordinal0 [0x00CD5515+480533]
	Ordinal0 [0x00CD4F45+479045]
	Ordinal0 [0x00CDD225+512549]
	Ordinal0 [0x00CD4F02+478978]
	Ordinal0 [0x00CD5B19+482073]
	Ordinal0 [0x00CD52D1+479953]
	Ordinal0 [0x00CD5515+480533]
	Ordinal0 [0x00CD4F45+479045]
	Ordinal0 [0x00CDBA6E+506478]
	Ordinal0 [0x00CD4F02+478978]
	Ordinal0 [0x00CD5B19+482073]
	Ordinal0 [0x00CD52D1+479953]
	Ordinal0 [0x00CD5515+480533]
	Ordinal0 [0x00CD4F45+479045]
	Ordinal0 [0x00CD9FC6+499654]
	Ordinal0 [0x00CD4F02+478978]
	Ordinal0 [0x00CD5B19+482073]
	Ordinal0 [0x00CD52D1+479953]
	Ordinal0 [0x00CD5515+480533]
	Ordinal0 [0x00CD4F45+479045]
	Ordinal0 [0x00CD9587+497031]
	Ordinal0 [0x00CD4F02+478978]
	Ordinal0 [0x00CD5B19+482073]
	Ordinal0 [0x00CD52D1+479953]
	Ordinal0 [0x00CD5515+480533]
	Ordinal0 [0x00CD4F45+479045]
	Ordinal0 [0x00CD16BC+464572]
	Ordinal0 [0x00CD4F02+478978]
	Ordinal0 [0x00CD4E57+478807]
	Ordinal0 [0x00CDF300+520960]
	Ordinal0 [0x00C8E489+189577]
	Ordinal0 [0x00C8D7FD+186365]
	Ordinal0 [0x00C8B70B+177931]
	Ordinal0 [0x00C72584+75140]
	Ordinal0 [0x00C73650+79440]
	Ordinal0 [0x00C735E9+79337]
	Ordinal0 [0x00E1AD5C+1813852]
	GetHandleVerifier [0x0103C616+1075574]
	GetHandleVerifier [0x0103C367+1074887]
	GetHandleVerifier [0x01047497+1120247]
	GetHandleVerifier [0x0103CC16+1077110]
	Ordinal0 [0x00E13206+1782278]
	Ordinal0 [0x00E1C3BB+1819579]
	Ordinal0 [0x00E1C523+1819939]
	Ordinal0 [0x00E32B45+1911621]
	BaseThreadInitThunk [0x75D433CA+18]
	RtlInitializeExceptionChain [0x773A9ED2+99]
	RtlInitializeExceptionChain [0x773A9EA5+54]
">
      <![CDATA[org.openqa.selenium.SessionNotCreatedException: session not created
from disconnected: Unable to receive message from renderer
  (Session info: chrome=84.0.4147.105)
Build info: version: '3.141.59', revision: 'e82be7d358', time: '2018-11-14T08:17:03'
System info: host: 'ADMIN-PC', ip: '192.168.0.104', os.name: 'Windows 7', os.arch: 'x86', os.version: '6.1', java.version: '1.8.0_91'
Driver info: driver.version: ChromeDriver
remote stacktrace: Backtrace:
Ordinal0 [0x00F187E3+2852835]
Ordinal0 [0x00E05BB1+1727409]
Ordinal0 [0x00CDE4B9+517305]
Ordinal0 [0x00CD5EA7+482983]
Ordinal0 [0x00CD52D1+479953]
Ordinal0 [0x00CD5515+480533]
Ordinal0 [0x00CD4F45+479045]
Ordinal0 [0x00CDD225+512549]
Ordinal0 [0x00CD4F02+478978]
Ordinal0 [0x00CD5B19+482073]
Ordinal0 [0x00CD52D1+479953]
Ordinal0 [0x00CD5515+480533]
Ordinal0 [0x00CD4F45+479045]
Ordinal0 [0x00CDBA6E+506478]
Ordinal0 [0x00CD4F02+478978]
Ordinal0 [0x00CD5B19+482073]
Ordinal0 [0x00CD52D1+479953]
Ordinal0 [0x00CD5515+480533]
Ordinal0 [0x00CD4F45+479045]
Ordinal0 [0x00CD9FC6+499654]
Ordinal0 [0x00CD4F02+478978]
Ordinal0 [0x00CD5B19+482073]
Ordinal0 [0x00CD52D1+479953]
Ordinal0 [0x00CD5515+480533]
Ordinal0 [0x00CD4F45+479045]
Ordinal0 [0x00CD9587+497031]
Ordinal0 [0x00CD4F02+478978]
Ordinal0 [0x00CD5B19+482073]
Ordinal0 [0x00CD52D1+479953]
Ordinal0 [0x00CD5515+480533]
Ordinal0 [0x00CD4F45+479045]
Ordinal0 [0x00CD16BC+464572]
Ordinal0 [0x00CD4F02+478978]
Ordinal0 [0x00CD4E57+478807]
Ordinal0 [0x00CDF300+520960]
Ordinal0 [0x00C8E489+189577]
Ordinal0 [0x00C8D7FD+186365]
Ordinal0 [0x00C8B70B+177931]
Ordinal0 [0x00C72584+75140]
Ordinal0 [0x00C73650+79440]
Ordinal0 [0x00C735E9+79337]
Ordinal0 [0x00E1AD5C+1813852]
GetHandleVerifier [0x0103C616+1075574]
GetHandleVerifier [0x0103C367+1074887]
GetHandleVerifier [0x01047497+1120247]
GetHandleVerifier [0x0103CC16+1077110]
Ordinal0 [0x00E13206+1782278]
Ordinal0 [0x00E1C3BB+1819579]
Ordinal0 [0x00E1C523+1819939]
Ordinal0 [0x00E32B45+1911621]
BaseThreadInitThunk [0x75D433CA+18]
RtlInitializeExceptionChain [0x773A9ED2+99]
RtlInitializeExceptionChain [0x773A9EA5+54]

at org.openqa.selenium.remote.W3CHandshakeResponse.lambda$errorHandler$0(W3CHandshakeResponse.java:62)
at org.openqa.selenium.remote.HandshakeResponse.lambda$getResponseFunction$0(HandshakeResponse.java:30)
at org.openqa.selenium.remote.ProtocolHandshake.lambda$createSession$0(ProtocolHandshake.java:126)
at java.util.stream.ReferencePipeline$3$1.accept(ReferencePipeline.java:193)
at java.util.Spliterators$ArraySpliterator.tryAdvance(Spliterators.java:958)
at java.util.stream.ReferencePipeline.forEachWithCancel(ReferencePipeline.java:126)
at java.util.stream.AbstractPipeline.copyIntoWithCancel(AbstractPipeline.java:498)
at java.util.stream.AbstractPipeline.copyInto(AbstractPipeline.java:485)
at java.util.stream.AbstractPipeline.wrapAndCopyInto(AbstractPipeline.java:471)
at java.util.stream.FindOps$FindOp.evaluateSequential(FindOps.java:152)
at java.util.stream.AbstractPipeline.evaluate(AbstractPipeline.java:234)
at java.util.stream.ReferencePipeline.findFirst(ReferencePipeline.java:464)
at org.openqa.selenium.remote.ProtocolHandshake.createSession(ProtocolHandshake.java:128)
at org.openqa.selenium.remote.ProtocolHandshake.createSession(ProtocolHandshake.java:74)
at org.openqa.selenium.remote.HttpCommandExecutor.execute(HttpCommandExecutor.java:136)
at org.openqa.selenium.remote.service.DriverCommandExecutor.execute(DriverCommandExecutor.java:83)
at org.openqa.selenium.remote.RemoteWebDriver.execute(RemoteWebDriver.java:552)
at org.openqa.selenium.remote.RemoteWebDriver.startSession(RemoteWebDriver.java:213)
at org.openqa.selenium.remote.RemoteWebDriver.<init>(RemoteWebDriver.java:131)
at org.openqa.selenium.chrome.ChromeDriver.<init>(ChromeDriver.java:181)
at org.openqa.selenium.chrome.ChromeDriver.<init>(ChromeDriver.java:168)
at org.openqa.selenium.chrome.ChromeDriver.<init>(ChromeDriver.java:123)
at com.ap.qa.base.TestBase.initialization(TestBase.java:39)
at com.ap.qa.testcases.LoginTest.setUp(LoginTest.java:23)
... Removed 32 stack frames]]>
    </failure>
  </testcase> <!-- @BeforeMethod setUp -->
  <testcase name="@AfterMethod tearDown" time="0.0" classname="com.ap.qa.testcases.LoginTest">
    <skipped/>
  </testcase> <!-- @AfterMethod tearDown -->
  <testcase name="@BeforeMethod setUp" time="15.639" classname="com.ap.qa.testcases.HomePageTest">
    <failure type="org.openqa.selenium.WebDriverException" message="chrome not reachable
  (Session info: chrome=84.0.4147.105)
Build info: version: &amp;apos;3.141.59&amp;apos;, revision: &amp;apos;e82be7d358&amp;apos;, time: &amp;apos;2018-11-14T08:17:03&amp;apos;
System info: host: &amp;apos;ADMIN-PC&amp;apos;, ip: &amp;apos;192.168.0.104&amp;apos;, os.name: &amp;apos;Windows 7&amp;apos;, os.arch: &amp;apos;x86&amp;apos;, os.version: &amp;apos;6.1&amp;apos;, java.version: &amp;apos;1.8.0_91&amp;apos;
Driver info: org.openqa.selenium.chrome.ChromeDriver
Capabilities {acceptInsecureCerts: false, browserName: chrome, browserVersion: 84.0.4147.105, chrome: {chromedriverVersion: 84.0.4147.30 (48b3e868b4cc0..., userDataDir: C:\Users\ADMIN\AppData\Loca...}, goog:chromeOptions: {debuggerAddress: localhost:57547}, javascriptEnabled: true, networkConnectionEnabled: false, pageLoadStrategy: normal, platform: WINDOWS, platformName: WINDOWS, proxy: Proxy(), setWindowRect: true, strictFileInteractability: false, timeouts: {implicit: 0, pageLoad: 300000, script: 30000}, unhandledPromptBehavior: dismiss and notify, webauthn:virtualAuthenticators: true}
Session ID: 615bb5972869442169c19120cd6395fd
*** Element info: {Using=name, value=email}">
      <![CDATA[org.openqa.selenium.WebDriverException: chrome not reachable
  (Session info: chrome=84.0.4147.105)
Build info: version: '3.141.59', revision: 'e82be7d358', time: '2018-11-14T08:17:03'
System info: host: 'ADMIN-PC', ip: '192.168.0.104', os.name: 'Windows 7', os.arch: 'x86', os.version: '6.1', java.version: '1.8.0_91'
Driver info: org.openqa.selenium.chrome.ChromeDriver
Capabilities {acceptInsecureCerts: false, browserName: chrome, browserVersion: 84.0.4147.105, chrome: {chromedriverVersion: 84.0.4147.30 (48b3e868b4cc0..., userDataDir: C:\Users\ADMIN\AppData\Loca...}, goog:chromeOptions: {debuggerAddress: localhost:57547}, javascriptEnabled: true, networkConnectionEnabled: false, pageLoadStrategy: normal, platform: WINDOWS, platformName: WINDOWS, proxy: Proxy(), setWindowRect: true, strictFileInteractability: false, timeouts: {implicit: 0, pageLoad: 300000, script: 30000}, unhandledPromptBehavior: dismiss and notify, webauthn:virtualAuthenticators: true}
Session ID: 615bb5972869442169c19120cd6395fd
*** Element info: {Using=name, value=email}
at org.openqa.selenium.remote.http.W3CHttpResponseCodec.createException(W3CHttpResponseCodec.java:187)
at org.openqa.selenium.remote.http.W3CHttpResponseCodec.decode(W3CHttpResponseCodec.java:122)
at org.openqa.selenium.remote.http.W3CHttpResponseCodec.decode(W3CHttpResponseCodec.java:49)
at org.openqa.selenium.remote.HttpCommandExecutor.execute(HttpCommandExecutor.java:158)
at org.openqa.selenium.remote.service.DriverCommandExecutor.execute(DriverCommandExecutor.java:83)
at org.openqa.selenium.remote.RemoteWebDriver.execute(RemoteWebDriver.java:552)
at org.openqa.selenium.remote.RemoteWebDriver.findElement(RemoteWebDriver.java:323)
at org.openqa.selenium.remote.RemoteWebDriver.findElementByName(RemoteWebDriver.java:404)
at org.openqa.selenium.By$ByName.findElement(By.java:284)
at org.openqa.selenium.remote.RemoteWebDriver.findElement(RemoteWebDriver.java:315)
at org.openqa.selenium.support.pagefactory.DefaultElementLocator.findElement(DefaultElementLocator.java:69)
at org.openqa.selenium.support.pagefactory.internal.LocatingElementHandler.invoke(LocatingElementHandler.java:38)
at com.sun.proxy.$Proxy9.sendKeys(Unknown Source)
at com.ap.qa.pages.LoginPage.login(LoginPage.java:31)
at com.ap.qa.testcases.HomePageTest.setUp(HomePageTest.java:30)
... Removed 32 stack frames]]>
    </failure>
  </testcase> <!-- @BeforeMethod setUp -->
  <testcase name="@AfterMethod tearDown" time="0.0" classname="com.ap.qa.testcases.HomePageTest">
    <skipped/>
  </testcase> <!-- @AfterMethod tearDown -->
  <testcase name="@BeforeMethod setUp" time="0.0" classname="com.ap.qa.testcases.AddToCartPageTest">
    <skipped/>
  </testcase> <!-- @BeforeMethod setUp -->
  <testcase name="@AfterMethod tearDown" time="0.0" classname="com.ap.qa.testcases.AddToCartPageTest">
    <skipped/>
  </testcase> <!-- @AfterMethod tearDown -->
  <testcase name="@BeforeMethod setUp" time="0.0" classname="com.ap.qa.testcases.LoginTest">
    <skipped/>
  </testcase> <!-- @BeforeMethod setUp -->
  <testcase name="@AfterMethod tearDown" time="0.0" classname="com.ap.qa.testcases.LoginTest">
    <skipped/>
  </testcase> <!-- @AfterMethod tearDown -->
  <testcase name="@BeforeMethod setUp" time="0.0" classname="com.ap.qa.testcases.HomePageTest">
    <skipped/>
  </testcase> <!-- @BeforeMethod setUp -->
  <testcase name="@AfterMethod tearDown" time="0.0" classname="com.ap.qa.testcases.HomePageTest">
    <skipped/>
  </testcase> <!-- @AfterMethod tearDown -->
  <testcase name="verifyAddToCartButtonTest" time="0.0" classname="com.ap.qa.testcases.AddToCartPageTest">
    <skipped/>
  </testcase> <!-- verifyAddToCartButtonTest -->
  <testcase name="verifyProductNameTest" time="0.0" classname="com.ap.qa.testcases.OrderPageTest">
    <failure type="org.testng.TestNGException" message="
Cannot inject @Test annotated Method [verifyProductNameTest] with [class java.lang.String].
For more information on native dependency injection please refer to http://testng.org/doc/documentation-main.html#native-dependency-injection">
      <![CDATA[org.testng.TestNGException: 
Cannot inject @Test annotated Method [verifyProductNameTest] with [class java.lang.String].
For more information on native dependency injection please refer to http://testng.org/doc/documentation-main.html#native-dependency-injection
... Removed 24 stack frames]]>
    </failure>
  </testcase> <!-- verifyProductNameTest -->
  <testcase name="loginPageTitleTest" time="0.0" classname="com.ap.qa.testcases.LoginTest">
    <skipped/>
  </testcase> <!-- loginPageTitleTest -->
  <testcase name="verifyHomePageTitleTest" time="0.0" classname="com.ap.qa.testcases.HomePageTest">
    <skipped/>
  </testcase> <!-- verifyHomePageTitleTest -->
  <testcase name="verifyClickOnProceedToCheckoutTest" time="0.0" classname="com.ap.qa.testcases.AddToCartPageTest">
    <skipped/>
  </testcase> <!-- verifyClickOnProceedToCheckoutTest -->
  <testcase name="verifyProductSizeAndColor" time="0.0" classname="com.ap.qa.testcases.OrderPageTest">
    <failure type="org.testng.TestNGException" message="
Cannot inject @Test annotated Method [verifyProductSizeAndColor] with [class java.lang.String, class java.lang.String].
For more information on native dependency injection please refer to http://testng.org/doc/documentation-main.html#native-dependency-injection">
      <![CDATA[org.testng.TestNGException: 
Cannot inject @Test annotated Method [verifyProductSizeAndColor] with [class java.lang.String, class java.lang.String].
For more information on native dependency injection please refer to http://testng.org/doc/documentation-main.html#native-dependency-injection
... Removed 24 stack frames]]>
    </failure>
  </testcase> <!-- verifyProductSizeAndColor -->
  <testcase name="verifyProductQty" time="0.0" classname="com.ap.qa.testcases.OrderPageTest">
    <failure type="org.testng.TestNGException" message="
Cannot inject @Test annotated Method [verifyProductQty] with [int].
For more information on native dependency injection please refer to http://testng.org/doc/documentation-main.html#native-dependency-injection">
      <![CDATA[org.testng.TestNGException: 
Cannot inject @Test annotated Method [verifyProductQty] with [int].
For more information on native dependency injection please refer to http://testng.org/doc/documentation-main.html#native-dependency-injection
... Removed 24 stack frames]]>
    </failure>
  </testcase> <!-- verifyProductQty -->
  <testcase name="loginTest" time="0.0" classname="com.ap.qa.testcases.LoginTest">
    <skipped/>
  </testcase> <!-- loginTest -->
  <testcase name="verifytshirtLinkTest" time="0.0" classname="com.ap.qa.testcases.HomePageTest">
    <skipped/>
  </testcase> <!-- verifytshirtLinkTest -->
</testsuite> <!-- Test -->
